-------------------------------------------------------------------------------
Test set: kz.iitu.midterm.hotelsystem.HotelsystemApplicationTests
-------------------------------------------------------------------------------
Tests run: 1, Failures: 0, Errors: 1, Skipped: 0, Time elapsed: 0.333 s <<< FAILURE! - in kz.iitu.midterm.hotelsystem.HotelsystemApplicationTests
kz.iitu.midterm.hotelsystem.HotelsystemApplicationTests  Time elapsed: 0.322 s  <<< ERROR!
java.lang.IllegalStateException: Unable to find a @SpringBootConfiguration, you need to use @ContextConfiguration or @SpringBootTest(classes=...) with your test

